DE: min max found
DE: Gen 0
DE: Gen 1
DE: Gen 2
DE: Gen 3
DE: Gen 4
DE: Gen 5
DE: Gen 6
DE: Gen 7
DE: Gen 8
DE: Gen 9
DE: Gen 10
DE: Gen 11
DE: Gen 12
DE: Gen 13
DE: Gen 14
DE: Gen 15
DE: Gen 16
DE: Gen 17
DE: Gen 18
[0.15, 'uniform', 'nsga2cdom', 40, 35] : 3.15067985921e+12
[0.15, 'single_pt', 'gacdom', 70, 25] : 3.25865311177e+12
[0.15, 'uniform', 'nsga2cdom', 40, 25] : 3.61269589972e+12
[0.15, 'single_pt', 'gacdom', 70, 25] : 3.15067985921e+12
[0.15, 'two_pt', 'nsga2cdom', 70, 25] : 4.48862056004e+12
[0.01, 'two_pt', 'nsga2cdom', 70, 25] : 3.2489759234e+12
[0.15, 'two_pt', 'nsga2cdom', 40, 25] : 3.54824731741e+12
[0.01, 'single_pt', 'gacdom', 100, 45] : 3.72861431452e+12
[0.05, 'two_pt', 'gacdom', 40, 35] : 3.72861431452e+12
[0.05, 'single_pt', 'nsga2cdom', 40, 45] : 4.36351983387e+12
