DE: min max found
DE: Gen 0
DE: Gen 1
DE: Gen 2
DE: Gen 3
DE: Gen 4
DE: Gen 5
DE: Gen 6
DE: Gen 7
DE: Gen 8
DE: Gen 9
DE: Gen 10
DE: Gen 11
DE: Gen 12
DE: Gen 13
DE: Gen 14
DE: Gen 15
DE: Gen 16
DE: Gen 17
DE: Gen 18
DE: Gen 19
DE: Gen 20
DE: Gen 21
DE: Gen 22
DE: Gen 23
DE: Gen 24
DE: Gen 25
DE: Gen 26
DE: Gen 27
DE: Gen 28
DE: Gen 29
[0.15, 'uniform', 'gacdom', 40, 45] : 169.231298787
[0.01, 'single_pt', 'nsga2bdom', 70, 45] : 180.555300649
[0.05, 'single_pt', 'gacdom', 100, 45] : 181.633790127
[0.01, 'single_pt', 'nsga2cdom', 70, 45] : 168.797229014
[0.05, 'two_pt', 'gacdom', 70, 25] : 181.633790127
[0.01, 'uniform', 'nsga2bdom', 70, 35] : 161.481868467
[0.05, 'uniform', 'nsga2bdom', 100, 25] : 173.315330078
[0.01, 'uniform', 'gacdom', 40, 25] : 174.037810767
[0.15, 'single_pt', 'nsga2cdom', 40, 25] : 164.192651018
[0.05, 'uniform', 'gacdom', 70, 45] : 193.737888688
