DE: min max found
DE: Gen 0
DE: Gen 1
DE: Gen 2
DE: Gen 3
DE: Gen 4
DE: Gen 5
DE: Gen 6
DE: Gen 7
DE: Gen 8
DE: Gen 9
[0.05, 'single_pt', 'gacdom', 40, 45] : 2.3100218284e+22
[0.05, 'single_pt', 'nsga2cdom', 100, 35] : 2.67486243019e+22
[0.05, 'uniform', 'nsga2cdom', 100, 35] : 2.58846159922e+22
[0.05, 'single_pt', 'nsga2bdom', 70, 25] : 2.00221289593e+22
[0.15, 'two_pt', 'nsga2bdom', 40, 35] : 2.58846159922e+22
[0.05, 'single_pt', 'gacdom', 40, 45] : 3.05217543968e+22
[0.05, 'single_pt', 'gacdom', 70, 35] : 3.05217543968e+22
[0.15, 'single_pt', 'nsga2bdom', 70, 25] : 2.39677141469e+22
[0.15, 'two_pt', 'nsga2bdom', 100, 35] : 2.65470657846e+22
[0.05, 'two_pt', 'gacdom', 40, 25] : 2.54587717109e+22
