DE: min max found
DE: Gen 0
DE: Gen 1
DE: Gen 2
DE: Gen 3
DE: Gen 4
DE: Gen 5
DE: Gen 6
DE: Gen 7
DE: Gen 8
DE: Gen 9
DE: Gen 10
DE: Gen 11
DE: Gen 12
DE: Gen 13
DE: Gen 14
DE: Gen 15
DE: Gen 16
DE: Gen 17
DE: Gen 18
DE: Gen 19
DE: Gen 20
DE: Gen 21
[0.01, 'two_pt', 'gacdom', 70, 45] : 916109.264804
[0.01, 'uniform', 'nsga2bdom', 70, 45] : 933353.243028
[0.01, 'uniform', 'gacdom', 100, 35] : 836889.550583
[0.01, 'uniform', 'gacdom', 40, 35] : 954791.957539
[0.15, 'uniform', 'nsga2bdom', 70, 35] : 934655.405838
[0.05, 'single_pt', 'gacdom', 70, 25] : 783426.267234
[0.15, 'uniform', 'nsga2bdom', 70, 35] : 941675.163691
[0.05, 'uniform', 'nsga2cdom', 70, 25] : 869708.881295
[0.15, 'single_pt', 'gacdom', 40, 45] : 992172.055288
[0.01, 'single_pt', 'nsga2bdom', 40, 25] : 891255.604517
