DE: min max found
DE: Gen 0
DE: Gen 1
DE: Gen 2
DE: Gen 3
DE: Gen 4
DE: Gen 5
DE: Gen 6
DE: Gen 7
DE: Gen 8
DE: Gen 9
DE: Gen 10
DE: Gen 11
DE: Gen 12
[0.15, 'two_pt', 'gacdom', 40, 45] : 335.075284761
[0.01, 'single_pt', 'gacdom', 70, 35] : 363.236265374
[0.01, 'uniform', 'nsga2cdom', 100, 35] : 354.346120885
[0.15, 'two_pt', 'gacdom', 100, 45] : 346.44812052
[0.15, 'two_pt', 'gacdom', 40, 45] : 338.126535855
[0.05, 'uniform', 'nsga2bdom', 40, 35] : 364.577946527
[0.01, 'uniform', 'gacdom', 100, 35] : 346.114528285
[0.15, 'two_pt', 'gacdom', 100, 35] : 360.99754353
[0.15, 'single_pt', 'nsga2bdom', 40, 25] : 364.05449022
[0.01, 'uniform', 'nsga2bdom', 100, 25] : 359.181974132
