DE: min max found
DE: Gen 0
DE: Gen 1
DE: Gen 2
DE: Gen 3
DE: Gen 4
DE: Gen 5
DE: Gen 6
DE: Gen 7
DE: Gen 8
DE: Gen 9
DE: Gen 10
DE: Gen 11
DE: Gen 12
DE: Gen 13
DE: Gen 14
DE: Gen 15
DE: Gen 16
DE: Gen 17
DE: Gen 18
DE: Gen 19
DE: Gen 20
DE: Gen 21
[0.15, 'two_pt', 'nsga2bdom', 100, 25] : 541.831040495
[0.15, 'two_pt', 'nsga2cdom', 40, 25] : 596.6901554
[0.01, 'single_pt', 'nsga2bdom', 100, 45] : 559.951858171
[0.15, 'uniform', 'gacdom', 40, 45] : 581.280325668
[0.01, 'two_pt', 'nsga2bdom', 100, 25] : 596.6901554
[0.15, 'two_pt', 'nsga2bdom', 100, 45] : 466.430197172
[0.01, 'uniform', 'gacdom', 40, 45] : 581.280325668
[0.01, 'two_pt', 'nsga2cdom', 40, 35] : 223.767316518
[0.01, 'single_pt', 'nsga2cdom', 70, 25] : 491.501229532
[0.05, 'two_pt', 'gacdom', 70, 25] : 523.411500178
