DE: min max found
DE: Gen 0
DE: Gen 1
DE: Gen 2
DE: Gen 3
DE: Gen 4
DE: Gen 5
DE: Gen 6
DE: Gen 7
DE: Gen 8
DE: Gen 9
DE: Gen 10
DE: Gen 11
DE: Gen 12
DE: Gen 13
DE: Gen 14
DE: Gen 15
DE: Gen 16
DE: Gen 17
DE: Gen 18
DE: Gen 19
DE: Gen 20
DE: Gen 21
DE: Gen 22
DE: Gen 23
DE: Gen 24
[0.15, 'single_pt', 'nsga2bdom', 100, 35] : 364.50261245
[0.05, 'single_pt', 'gacdom', 70, 45] : 382.162669516
[0.05, 'uniform', 'gacdom', 70, 25] : 236.628135708
[0.15, 'single_pt', 'gacdom', 40, 45] : 364.50261245
[0.15, 'uniform', 'nsga2bdom', 100, 25] : 380.364948493
[0.01, 'single_pt', 'nsga2cdom', 70, 45] : 387.341254267
[0.05, 'two_pt', 'gacdom', 40, 35] : 414.981971163
[0.01, 'single_pt', 'gacdom', 70, 45] : 362.92588392
[0.05, 'single_pt', 'nsga2cdom', 40, 45] : 380.790401562
[0.01, 'two_pt', 'nsga2bdom', 70, 35] : 406.430224353
