DE: min max found
DE: Gen 0
DE: Gen 1
DE: Gen 2
DE: Gen 3
DE: Gen 4
DE: Gen 5
DE: Gen 6
DE: Gen 7
DE: Gen 8
DE: Gen 9
DE: Gen 10
DE: Gen 11
DE: Gen 12
DE: Gen 13
DE: Gen 14
DE: Gen 15
DE: Gen 16
DE: Gen 17
DE: Gen 18
DE: Gen 19
DE: Gen 20
DE: Gen 21
DE: Gen 22
DE: Gen 23
DE: Gen 24
DE: Gen 25
DE: Gen 26
DE: Gen 27
DE: Gen 28
DE: Gen 29
DE: Gen 30
DE: Gen 31
DE: Gen 32
DE: Gen 33
DE: Gen 34
DE: Gen 35
DE: Gen 36
DE: Gen 37
DE: Gen 38
DE: Gen 39
DE: Gen 40
DE: Gen 41
DE: Gen 42
DE: Gen 43
[0.01, 'two_pt', 'nsga2cdom', 100, 35] : 75.4883081823
[0.15, 'two_pt', 'nsga2bdom', 70, 35] : 69.9723082129
[0.01, 'uniform', 'nsga2cdom', 40, 45] : 51.1821213557
[0.15, 'uniform', 'gacdom', 70, 45] : 58.7767367666
[0.05, 'uniform', 'nsga2bdom', 70, 25] : 55.8327302838
[0.15, 'uniform', 'gacdom', 40, 45] : 69.9723082129
[0.05, 'uniform', 'nsga2bdom', 100, 35] : 59.1897649605
[0.15, 'uniform', 'nsga2cdom', 70, 35] : 69.947129153
[0.15, 'single_pt', 'gacdom', 70, 35] : 72.0594221602
[0.05, 'uniform', 'nsga2bdom', 40, 45] : 70.6638674339
