DE: min max found
DE: Gen 0
DE: Gen 1
DE: Gen 2
DE: Gen 3
DE: Gen 4
DE: Gen 5
DE: Gen 6
DE: Gen 7
DE: Gen 8
DE: Gen 9
DE: Gen 10
DE: Gen 11
DE: Gen 12
DE: Gen 13
[0.15, 'uniform', 'nsga2cdom', 40, 35] : 3779.78125441
[0.05, 'single_pt', 'nsga2bdom', 70, 45] : 3913.93906202
[0.05, 'uniform', 'gacdom', 40, 25] : 3720.41262747
[0.05, 'two_pt', 'nsga2cdom', 100, 35] : 3956.94414064
[0.15, 'uniform', 'nsga2bdom', 70, 25] : 3824.5075382
[0.15, 'uniform', 'gacdom', 40, 25] : 3779.78125441
[0.01, 'single_pt', 'nsga2cdom', 100, 45] : 3782.76760876
[0.05, 'two_pt', 'gacdom', 100, 45] : 3812.58778797
[0.15, 'single_pt', 'nsga2cdom', 70, 25] : 3826.90259604
[0.05, 'two_pt', 'nsga2bdom', 40, 35] : 3965.72997769
